Using pre-set license
Built from '6000.0/staging' branch; Version is '6000.0.33f1 (433b0a79340b) revision 4406026'; Using compiler version '193933523'; Build Type 'Release'
OS: 'Windows 11  (10.0.26100) 64bit Core' Language: 'es' Physical Memory: 16088 MB
BatchMode: 1, IsHumanControllingUs: 0, StartBugReporterOnCrash: 0, Is64bit: 1, IsPro: 1

COMMAND LINE ARGUMENTS:
C:\Program Files\Unity\Hub\Editor\6000.0.33f1\Editor\Unity.exe
-adb2
-batchMode
-noUpm
-name
AssetImportWorker5
-projectPath
C:/Proyectos De Unity/ProgramacionGrafica
-logFile
Logs/AssetImportWorker5.log
-srvPort
59441
-job-worker-count
7
-background-job-worker-count
8
-gc-helper-count
1
Successfully changed project path to: C:/Proyectos De Unity/ProgramacionGrafica
C:/Proyectos De Unity/ProgramacionGrafica
[UnityMemory] Configuration Parameters - Can be set up in boot.config
    "memorysetup-bucket-allocator-granularity=16"
    "memorysetup-bucket-allocator-bucket-count=8"
    "memorysetup-bucket-allocator-block-size=33554432"
    "memorysetup-bucket-allocator-block-count=8"
    "memorysetup-main-allocator-block-size=16777216"
    "memorysetup-thread-allocator-block-size=16777216"
    "memorysetup-gfx-main-allocator-block-size=16777216"
    "memorysetup-gfx-thread-allocator-block-size=16777216"
    "memorysetup-cache-allocator-block-size=4194304"
    "memorysetup-typetree-allocator-block-size=2097152"
    "memorysetup-profiler-bucket-allocator-granularity=16"
    "memorysetup-profiler-bucket-allocator-bucket-count=8"
    "memorysetup-profiler-bucket-allocator-block-size=33554432"
    "memorysetup-profiler-bucket-allocator-block-count=8"
    "memorysetup-profiler-allocator-block-size=16777216"
    "memorysetup-profiler-editor-allocator-block-size=1048576"
    "memorysetup-temp-allocator-size-main=16777216"
    "memorysetup-job-temp-allocator-block-size=2097152"
    "memorysetup-job-temp-allocator-block-size-background=1048576"
    "memorysetup-job-temp-allocator-reduction-small-platforms=262144"
    "memorysetup-allocator-temp-initial-block-size-main=262144"
    "memorysetup-allocator-temp-initial-block-size-worker=262144"
    "memorysetup-temp-allocator-size-background-worker=32768"
    "memorysetup-temp-allocator-size-job-worker=262144"
    "memorysetup-temp-allocator-size-preload-manager=33554432"
    "memorysetup-temp-allocator-size-nav-mesh-worker=65536"
    "memorysetup-temp-allocator-size-audio-worker=65536"
    "memorysetup-temp-allocator-size-cloud-worker=32768"
    "memorysetup-temp-allocator-size-gi-baking-worker=262144"
    "memorysetup-temp-allocator-size-gi-baking-worker=262144"
    "memorysetup-temp-allocator-size-gi-baking-worker=262144"
    "memorysetup-temp-allocator-size-gi-baking-worker=262144"
    "memorysetup-temp-allocator-size-gi-baking-worker=262144"
    "memorysetup-temp-allocator-size-gfx=262144"
Player connection [14728]  Target information:

Player connection [14728]  * "[IP] 192.168.1.110 [Port] 0 [Flags] 2 [Guid] 2205641859 [EditorId] 2205641859 [Version] 1048832 [Id] WindowsEditor(7,MSI) [Debug] 1 [PackageName] WindowsEditor [ProjectName] Editor" 

Player connection [14728] Host joined multi-casting on [225.0.0.222:54997]...
Player connection [14728] Host joined alternative multi-casting on [225.0.0.222:34997]...
JobSystem: Creating JobQueue using job-worker-count value 7
[Physics::Module] Initialized fallback backend.
[Physics::Module] Id: 0xdecafbad
Library Redirect Path: Library/
[Physics::Module] Selected backend.
[Physics::Module] Name: PhysX
[Physics::Module] Id: 0xf2b8ea05
[Physics::Module] SDK Version: 4.1.2
[Physics::Module] Integration Version: 1.0.0
[Physics::Module] Threading Mode: Multi-Threaded
Refreshing native plugins compatible for Editor in 2.07 ms, found 3 plugins.
Preloading 0 native plugins for Editor in 0.00 ms.
Initialize engine version: 6000.0.33f1 (433b0a79340b)
[Subsystems] Discovering subsystems at path C:/Program Files/Unity/Hub/Editor/6000.0.33f1/Editor/Data/Resources/UnitySubsystems
[Subsystems] Discovering subsystems at path C:/Proyectos De Unity/ProgramacionGrafica/Assets
GfxDevice: creating device client; kGfxThreadingModeNonThreaded
Direct3D:
    Version:  Direct3D 11.0 [level 11.1]
    Renderer: NVIDIA GeForce RTX 4050 Laptop GPU (ID=0x28a1)
    Vendor:   NVIDIA
    VRAM:     5921 MB
    Driver:   32.0.15.6614
Initialize mono
Mono path[0] = 'C:/Program Files/Unity/Hub/Editor/6000.0.33f1/Editor/Data/Managed'
Mono path[1] = 'C:/Program Files/Unity/Hub/Editor/6000.0.33f1/Editor/Data/MonoBleedingEdge/lib/mono/unityjit-win32'
Mono config path = 'C:/Program Files/Unity/Hub/Editor/6000.0.33f1/Editor/Data/MonoBleedingEdge/etc'
Using monoOptions --debugger-agent=transport=dt_socket,embedding=1,server=y,suspend=n,address=127.0.0.1:56652
Begin MonoManager ReloadAssembly
Registering precompiled unity dll's ...
Register platform support module: C:/Program Files/Unity/Hub/Editor/6000.0.33f1/Editor/Data/PlaybackEngines/WindowsStandaloneSupport/UnityEditor.WindowsStandalone.Extensions.dll
Registered in 0.003759 seconds.
- Loaded All Assemblies, in  0.501 seconds
Native extension for WindowsStandalone target not found
Mono: successfully reloaded assembly
- Finished resetting the current domain, in  0.374 seconds
Domain Reload Profiling: 873ms
	BeginReloadAssembly (174ms)
		ExecutionOrderSort (0ms)
		DisableScriptedObjects (0ms)
		BackupInstance (0ms)
		ReleaseScriptingObjects (0ms)
		CreateAndSetChildDomain (1ms)
	RebuildCommonClasses (47ms)
	RebuildNativeTypeToScriptingClass (15ms)
	initialDomainReloadingComplete (61ms)
	LoadAllAssembliesAndSetupDomain (202ms)
		LoadAssemblies (169ms)
		RebuildTransferFunctionScriptingTraits (0ms)
		AnalyzeDomain (198ms)
			TypeCache.Refresh (196ms)
				TypeCache.ScanAssembly (179ms)
			BuildScriptInfoCaches (0ms)
			ResolveRequiredComponents (1ms)
	FinalizeReload (374ms)
		ReleaseScriptCaches (0ms)
		RebuildScriptCaches (0ms)
		SetupLoadedEditorAssemblies (330ms)
			LogAssemblyErrors (0ms)
			InitializePlatformSupportModulesInManaged (30ms)
			SetLoadedEditorAssemblies (6ms)
			BeforeProcessingInitializeOnLoad (59ms)
			ProcessInitializeOnLoadAttributes (176ms)
			ProcessInitializeOnLoadMethodAttributes (58ms)
			AfterProcessingInitializeOnLoad (0ms)
			EditorAssembliesLoaded (0ms)
		ExecutionOrderSort2 (0ms)
		AwakeInstancesAfterBackupRestoration (0ms)
========================================================================
Worker process is ready to serve import requests
Import Worker Mode flag is 0x00
Begin MonoManager ReloadAssembly
- Loaded All Assemblies, in  0.861 seconds
Refreshing native plugins compatible for Editor in 1.16 ms, found 3 plugins.
Native extension for WindowsStandalone target not found
Mono: successfully reloaded assembly
- Finished resetting the current domain, in  0.611 seconds
Domain Reload Profiling: 1467ms
	BeginReloadAssembly (207ms)
		ExecutionOrderSort (0ms)
		DisableScriptedObjects (6ms)
		BackupInstance (0ms)
		ReleaseScriptingObjects (0ms)
		CreateAndSetChildDomain (32ms)
	RebuildCommonClasses (49ms)
	RebuildNativeTypeToScriptingClass (18ms)
	initialDomainReloadingComplete (50ms)
	LoadAllAssembliesAndSetupDomain (532ms)
		LoadAssemblies (397ms)
		RebuildTransferFunctionScriptingTraits (0ms)
		AnalyzeDomain (268ms)
			TypeCache.Refresh (204ms)
				TypeCache.ScanAssembly (187ms)
			BuildScriptInfoCaches (56ms)
			ResolveRequiredComponents (5ms)
	FinalizeReload (611ms)
		ReleaseScriptCaches (0ms)
		RebuildScriptCaches (0ms)
		SetupLoadedEditorAssemblies (485ms)
			LogAssemblyErrors (0ms)
			InitializePlatformSupportModulesInManaged (3ms)
			SetLoadedEditorAssemblies (5ms)
			BeforeProcessingInitializeOnLoad (94ms)
			ProcessInitializeOnLoadAttributes (352ms)
			ProcessInitializeOnLoadMethodAttributes (26ms)
			AfterProcessingInitializeOnLoad (5ms)
			EditorAssembliesLoaded (0ms)
		ExecutionOrderSort2 (0ms)
		AwakeInstancesAfterBackupRestoration (6ms)
Launched and connected shader compiler UnityShaderCompiler.exe after 0.06 seconds
Refreshing native plugins compatible for Editor in 1.26 ms, found 3 plugins.
Preloading 0 native plugins for Editor in 0.00 ms.
Unloading 273 Unused Serialized files (Serialized files now loaded: 0)
Unloading 4351 unused Assets / (3.1 MB). Loaded Objects now: 5075.
Memory consumption went from 174.9 MB to 171.8 MB.
Total: 6.202700 ms (FindLiveObjects: 0.351700 ms CreateObjectMapping: 0.216100 ms MarkObjects: 4.324300 ms  DeleteObjects: 1.308600 ms)

========================================================================
Received Import Request.
  Time since last request: 9974.902179 seconds.
  path: Assets/AmplifyShaderEditor/Plugins/EditorResources/ShaderFunctions/Rejection.asset
  artifactKey: Guid(ea6ca936e02c9e74fae837451ff893c3) Importer(2089858483,192608db42251d675da83286b1cce702)
Start importing Assets/AmplifyShaderEditor/Plugins/EditorResources/ShaderFunctions/Rejection.asset using Guid(ea6ca936e02c9e74fae837451ff893c3) Importer(2089858483,192608db42251d675da83286b1cce702) (ScriptedImporter) -> (artifact id: '6f7144a439027155e76367cd988457b4') in 0.1820958 seconds
Number of updated asset objects reloaded before import = 0Number of asset objects unloaded after import = 1

========================================================================
Received Import Request.
  Time since last request: 0.000021 seconds.
  path: Assets/AmplifyShaderEditor/Plugins/Editor/Nodes/Master/BlendOpsHelper.cs
  artifactKey: Guid(8b59649a5f829e24cb4de8c1a715f8b4) Importer(2089858483,192608db42251d675da83286b1cce702)
Start importing Assets/AmplifyShaderEditor/Plugins/Editor/Nodes/Master/BlendOpsHelper.cs using Guid(8b59649a5f829e24cb4de8c1a715f8b4) Importer(2089858483,192608db42251d675da83286b1cce702) (ScriptedImporter) -> (artifact id: '00afecc4fa805169c5d0ef9947381d5f') in 0.0145181 seconds
Number of updated asset objects reloaded before import = 0Number of asset objects unloaded after import = 0

========================================================================
Received Import Request.
  Time since last request: 0.000101 seconds.
  path: Assets/AmplifyShaderEditor/Plugins/Editor/Nodes/HelperFuncs/SurfaceDepthNode.cs
  artifactKey: Guid(d3b0855152b8c5d478f236423cfb1959) Importer(2089858483,192608db42251d675da83286b1cce702)
Start importing Assets/AmplifyShaderEditor/Plugins/Editor/Nodes/HelperFuncs/SurfaceDepthNode.cs using Guid(d3b0855152b8c5d478f236423cfb1959) Importer(2089858483,192608db42251d675da83286b1cce702) (ScriptedImporter) -> (artifact id: '33fd9f16c946f085e88ae5151c1c0657') in 0.0054135 seconds
Number of updated asset objects reloaded before import = 0Number of asset objects unloaded after import = 0

========================================================================
Received Import Request.
  Time since last request: 0.000169 seconds.
  path: Assets/AmplifyShaderEditor/Plugins/Editor/Nodes/LogicalOperators/TFHCCompareEqual.cs
  artifactKey: Guid(d6d04219b3c5c5a4282aa9a763b9ad3c) Importer(2089858483,192608db42251d675da83286b1cce702)
Start importing Assets/AmplifyShaderEditor/Plugins/Editor/Nodes/LogicalOperators/TFHCCompareEqual.cs using Guid(d6d04219b3c5c5a4282aa9a763b9ad3c) Importer(2089858483,192608db42251d675da83286b1cce702) (ScriptedImporter) -> (artifact id: '1e3663c3039bc4c1e1f33a018e8aa81f') in 0.0078389 seconds
Number of updated asset objects reloaded before import = 0Number of asset objects unloaded after import = 0

========================================================================
Received Import Request.
  Time since last request: 0.000085 seconds.
  path: Assets/AmplifyShaderEditor/Plugins/EditorResources/ShaderFunctions/Triangle Wave.asset
  artifactKey: Guid(51ec3c8d117f3ec4fa3742c3e00d535b) Importer(2089858483,192608db42251d675da83286b1cce702)
Start importing Assets/AmplifyShaderEditor/Plugins/EditorResources/ShaderFunctions/Triangle Wave.asset using Guid(51ec3c8d117f3ec4fa3742c3e00d535b) Importer(2089858483,192608db42251d675da83286b1cce702) (ScriptedImporter) -> (artifact id: '54de8e17e4f211498cbbf973520ea5be') in 0.0140028 seconds
Number of updated asset objects reloaded before import = 0Number of asset objects unloaded after import = 1

========================================================================
Received Import Request.
  Time since last request: 0.000094 seconds.
  path: Assets/AmplifyShaderEditor/Plugins/Editor/Nodes/Master/FunctionSwitch.cs
  artifactKey: Guid(2bd66b9ffd0acf84ab46c9f83300495c) Importer(2089858483,192608db42251d675da83286b1cce702)
Start importing Assets/AmplifyShaderEditor/Plugins/Editor/Nodes/Master/FunctionSwitch.cs using Guid(2bd66b9ffd0acf84ab46c9f83300495c) Importer(2089858483,192608db42251d675da83286b1cce702) (ScriptedImporter) -> (artifact id: '706d63e7c615b4b8f0f03650d00afc52') in 0.0062392 seconds
Number of updated asset objects reloaded before import = 0Number of asset objects unloaded after import = 0

========================================================================
Received Import Request.
  Time since last request: 0.000105 seconds.
  path: Assets/AmplifyShaderEditor/Plugins/EditorResources/Shaders/ASESShaderSelectorUnlit.shader
  artifactKey: Guid(b83de440f4e137948bdb40a67a2f6dbe) Importer(2089858483,192608db42251d675da83286b1cce702)
Start importing Assets/AmplifyShaderEditor/Plugins/EditorResources/Shaders/ASESShaderSelectorUnlit.shader using Guid(b83de440f4e137948bdb40a67a2f6dbe) Importer(2089858483,192608db42251d675da83286b1cce702) (ScriptedImporter) -> (artifact id: '30dd128a6f5fa07a7c9238dc5750dda3') in 0.0091782 seconds
Number of updated asset objects reloaded before import = 0Number of asset objects unloaded after import = 1

========================================================================
Received Import Request.
  Time since last request: 0.000126 seconds.
  path: Assets/AmplifyShaderEditor/Plugins/Editor/Nodes/Master/FallbackPickerHelper.cs
  artifactKey: Guid(cd5a03cee1255ba438e2062d215b70b6) Importer(2089858483,192608db42251d675da83286b1cce702)
Start importing Assets/AmplifyShaderEditor/Plugins/Editor/Nodes/Master/FallbackPickerHelper.cs using Guid(cd5a03cee1255ba438e2062d215b70b6) Importer(2089858483,192608db42251d675da83286b1cce702) (ScriptedImporter) -> (artifact id: 'c31cf12628bd807972df494e960d67ee') in 0.0072799 seconds
Number of updated asset objects reloaded before import = 0Number of asset objects unloaded after import = 0

========================================================================
Received Import Request.
  Time since last request: 0.000228 seconds.
  path: Assets/AmplifyShaderEditor/Plugins/Editor/Nodes/Master/MasterNodeDataCollector.cs
  artifactKey: Guid(d026d775ff431f34789437db3fb4abbb) Importer(2089858483,192608db42251d675da83286b1cce702)
Start importing Assets/AmplifyShaderEditor/Plugins/Editor/Nodes/Master/MasterNodeDataCollector.cs using Guid(d026d775ff431f34789437db3fb4abbb) Importer(2089858483,192608db42251d675da83286b1cce702) (ScriptedImporter) -> (artifact id: '678431aa9d04d43631b816e2c60a4f5e') in 0.0053846 seconds
Number of updated asset objects reloaded before import = 0Number of asset objects unloaded after import = 0

========================================================================
Received Import Request.
  Time since last request: 0.000306 seconds.
  path: Assets/AmplifyShaderEditor/Plugins/EditorResources/Textures/white.png
  artifactKey: Guid(37e6f91f3efb0954cbdce254638862ea) Importer(2089858483,192608db42251d675da83286b1cce702)
Start importing Assets/AmplifyShaderEditor/Plugins/EditorResources/Textures/white.png using Guid(37e6f91f3efb0954cbdce254638862ea) Importer(2089858483,192608db42251d675da83286b1cce702) (ScriptedImporter) -> (artifact id: '9a2e3e5fb32777e4aa0ad969086ce67f') in 0.061179 seconds
Number of updated asset objects reloaded before import = 0Number of asset objects unloaded after import = 1

========================================================================
Received Import Request.
  Time since last request: 0.000063 seconds.
  path: Assets/AmplifyShaderEditor/Plugins/Editor/Nodes/Constants/Matrix3X3Node.cs
  artifactKey: Guid(01e5a5829caac674fa819ed229de31b6) Importer(2089858483,192608db42251d675da83286b1cce702)
Start importing Assets/AmplifyShaderEditor/Plugins/Editor/Nodes/Constants/Matrix3X3Node.cs using Guid(01e5a5829caac674fa819ed229de31b6) Importer(2089858483,192608db42251d675da83286b1cce702) (ScriptedImporter) -> (artifact id: '32b6958a837193b4cb23c25d5a9bc114') in 0.0037229 seconds
Number of updated asset objects reloaded before import = 0Number of asset objects unloaded after import = 0

========================================================================
Received Import Request.
  Time since last request: 0.000080 seconds.
  path: Assets/AmplifyShaderEditor/Plugins/EditorResources/Textures/About.png
  artifactKey: Guid(8aba6bb20faf8824d9d81946542f1ce1) Importer(2089858483,192608db42251d675da83286b1cce702)
Start importing Assets/AmplifyShaderEditor/Plugins/EditorResources/Textures/About.png using Guid(8aba6bb20faf8824d9d81946542f1ce1) Importer(2089858483,192608db42251d675da83286b1cce702) (ScriptedImporter) -> (artifact id: 'f909d4d927950e78469b973634e99a9b') in 0.0104759 seconds
Number of updated asset objects reloaded before import = 0Number of asset objects unloaded after import = 1

========================================================================
Received Import Request.
  Time since last request: 0.000100 seconds.
  path: Assets/AmplifyShaderEditor/Plugins/Editor/Nodes/Master/LogNode.cs
  artifactKey: Guid(3b0e734d4c354c74999e20ce054628d2) Importer(2089858483,192608db42251d675da83286b1cce702)
Start importing Assets/AmplifyShaderEditor/Plugins/Editor/Nodes/Master/LogNode.cs using Guid(3b0e734d4c354c74999e20ce054628d2) Importer(2089858483,192608db42251d675da83286b1cce702) (ScriptedImporter) -> (artifact id: '1527b525d085f87a056021fd1b99d66b') in 0.0038347 seconds
Number of updated asset objects reloaded before import = 0Number of asset objects unloaded after import = 0

========================================================================
Received Import Request.
  Time since last request: 0.000109 seconds.
  path: Assets/AmplifyShaderEditor/Plugins/Editor/Nodes/Constants/TauNode.cs
  artifactKey: Guid(1a6ded4f5e42f6d4684a6131a3cf4d33) Importer(2089858483,192608db42251d675da83286b1cce702)
Start importing Assets/AmplifyShaderEditor/Plugins/Editor/Nodes/Constants/TauNode.cs using Guid(1a6ded4f5e42f6d4684a6131a3cf4d33) Importer(2089858483,192608db42251d675da83286b1cce702) (ScriptedImporter) -> (artifact id: '7925c7b2f8f0b42afd800cef0f300750') in 0.0049434 seconds
Number of updated asset objects reloaded before import = 0Number of asset objects unloaded after import = 0

========================================================================
Received Import Request.
  Time since last request: 0.000164 seconds.
  path: Assets/AmplifyShaderEditor/Plugins/EditorResources/ShaderFunctions/Terrain Wind Value.asset
  artifactKey: Guid(c7f50c5b53423ac408959a9a25532d8c) Importer(2089858483,192608db42251d675da83286b1cce702)
Start importing Assets/AmplifyShaderEditor/Plugins/EditorResources/ShaderFunctions/Terrain Wind Value.asset using Guid(c7f50c5b53423ac408959a9a25532d8c) Importer(2089858483,192608db42251d675da83286b1cce702) (ScriptedImporter) -> (artifact id: 'e7febc3b11fe9520757c12222ff72c48') in 0.0054157 seconds
Number of updated asset objects reloaded before import = 0Number of asset objects unloaded after import = 1

========================================================================
Received Import Request.
  Time since last request: 0.000091 seconds.
  path: Assets/AmplifyShaderEditor/Plugins/EditorResources/ShaderFunctions/Stripes.asset
  artifactKey: Guid(8e73a71cdf24db740864b4c3f3357e7f) Importer(2089858483,192608db42251d675da83286b1cce702)
Start importing Assets/AmplifyShaderEditor/Plugins/EditorResources/ShaderFunctions/Stripes.asset using Guid(8e73a71cdf24db740864b4c3f3357e7f) Importer(2089858483,192608db42251d675da83286b1cce702) (ScriptedImporter) -> (artifact id: '16973ddf756e96421735874bd9eabb16') in 0.0058467 seconds
Number of updated asset objects reloaded before import = 0Number of asset objects unloaded after import = 1

========================================================================
Received Import Request.
  Time since last request: 0.000192 seconds.
  path: Assets/AmplifyShaderEditor/Plugins/EditorResources/ShaderFunctions/Step Antialiasing.asset
  artifactKey: Guid(2a825e80dfb3290468194f83380797bd) Importer(2089858483,192608db42251d675da83286b1cce702)
Start importing Assets/AmplifyShaderEditor/Plugins/EditorResources/ShaderFunctions/Step Antialiasing.asset using Guid(2a825e80dfb3290468194f83380797bd) Importer(2089858483,192608db42251d675da83286b1cce702) (ScriptedImporter) -> (artifact id: 'c8d6b16da65aa82abebc78177b5a20eb') in 0.0054065 seconds
Number of updated asset objects reloaded before import = 0Number of asset objects unloaded after import = 1

========================================================================
Received Import Request.
  Time since last request: 0.000135 seconds.
  path: Assets/AmplifyShaderEditor/Plugins/EditorResources/ShaderFunctions/Truchet.asset
  artifactKey: Guid(600b4e63537aa56498ba8983340930ed) Importer(2089858483,192608db42251d675da83286b1cce702)
Start importing Assets/AmplifyShaderEditor/Plugins/EditorResources/ShaderFunctions/Truchet.asset using Guid(600b4e63537aa56498ba8983340930ed) Importer(2089858483,192608db42251d675da83286b1cce702) (ScriptedImporter) -> (artifact id: '6ff0a2a490eb75a0c231e15a6f03bc11') in 0.0055116 seconds
Number of updated asset objects reloaded before import = 0Number of asset objects unloaded after import = 1

========================================================================
Received Import Request.
  Time since last request: 0.000073 seconds.
  path: Assets/AmplifyShaderEditor/Plugins/Editor/Nodes/HelperFuncs/UnityObjToClipPosHlpNode.cs
  artifactKey: Guid(c01e190d996825f42bdc81e1fab5e897) Importer(2089858483,192608db42251d675da83286b1cce702)
Start importing Assets/AmplifyShaderEditor/Plugins/Editor/Nodes/HelperFuncs/UnityObjToClipPosHlpNode.cs using Guid(c01e190d996825f42bdc81e1fab5e897) Importer(2089858483,192608db42251d675da83286b1cce702) (ScriptedImporter) -> (artifact id: '942dfc0c43235b18d997c2806302bd68') in 0.0067066 seconds
Number of updated asset objects reloaded before import = 0Number of asset objects unloaded after import = 0

========================================================================
Received Import Request.
  Time since last request: 0.000080 seconds.
  path: Assets/AmplifyShaderEditor/Plugins/Editor/Nodes/LogicalOperators/Compare.cs
  artifactKey: Guid(ab308ada4f120144b8d44aef5c834fe6) Importer(2089858483,192608db42251d675da83286b1cce702)
Start importing Assets/AmplifyShaderEditor/Plugins/Editor/Nodes/LogicalOperators/Compare.cs using Guid(ab308ada4f120144b8d44aef5c834fe6) Importer(2089858483,192608db42251d675da83286b1cce702) (ScriptedImporter) -> (artifact id: '7fb829db122388689d1671808ca8e669') in 0.0035856 seconds
Number of updated asset objects reloaded before import = 0Number of asset objects unloaded after import = 0

========================================================================
Received Import Request.
  Time since last request: 0.000117 seconds.
  path: Assets/AmplifyShaderEditor/Plugins/Editor/Nodes/Master/AdditionalDefinesHelper.cs
  artifactKey: Guid(0801a5994efb46142ad8dcc0fe3c47f8) Importer(2089858483,192608db42251d675da83286b1cce702)
Start importing Assets/AmplifyShaderEditor/Plugins/Editor/Nodes/Master/AdditionalDefinesHelper.cs using Guid(0801a5994efb46142ad8dcc0fe3c47f8) Importer(2089858483,192608db42251d675da83286b1cce702) (ScriptedImporter) -> (artifact id: '5a89d555d0159cfe06df79ea161ac7c6') in 0.0038952 seconds
Number of updated asset objects reloaded before import = 0Number of asset objects unloaded after import = 0

========================================================================
Received Import Request.
  Time since last request: 0.000074 seconds.
  path: Assets/AmplifyShaderEditor/Plugins/EditorResources/ShaderFunctions/Smooth Wave.asset
  artifactKey: Guid(45d5b33902fbc0848a1166b32106db74) Importer(2089858483,192608db42251d675da83286b1cce702)
Start importing Assets/AmplifyShaderEditor/Plugins/EditorResources/ShaderFunctions/Smooth Wave.asset using Guid(45d5b33902fbc0848a1166b32106db74) Importer(2089858483,192608db42251d675da83286b1cce702) (ScriptedImporter) -> (artifact id: '23a909cf358b2820290dce2ee1d0fb78') in 0.0065289 seconds
Number of updated asset objects reloaded before import = 0Number of asset objects unloaded after import = 1

========================================================================
Received Import Request.
  Time since last request: 0.000014 seconds.
  path: Assets/AmplifyShaderEditor/Plugins/Editor/Nodes/Constants/ColorNode.cs
  artifactKey: Guid(4b99bcf4cd965c648bbbc1de0d1b152a) Importer(2089858483,192608db42251d675da83286b1cce702)
Start importing Assets/AmplifyShaderEditor/Plugins/Editor/Nodes/Constants/ColorNode.cs using Guid(4b99bcf4cd965c648bbbc1de0d1b152a) Importer(2089858483,192608db42251d675da83286b1cce702) (ScriptedImporter) -> (artifact id: 'a33f45997e8a55a1876bb58fafb3f369') in 0.0051858 seconds
Number of updated asset objects reloaded before import = 0Number of asset objects unloaded after import = 0

========================================================================
Received Import Request.
  Time since last request: 0.000149 seconds.
  path: Assets/AmplifyShaderEditor/Plugins/Editor/Nodes/HelperFuncs/ParallaxOcclusionMappingNode.cs
  artifactKey: Guid(b2350150f3f2a0443827ca8925d5e759) Importer(2089858483,192608db42251d675da83286b1cce702)
Start importing Assets/AmplifyShaderEditor/Plugins/Editor/Nodes/HelperFuncs/ParallaxOcclusionMappingNode.cs using Guid(b2350150f3f2a0443827ca8925d5e759) Importer(2089858483,192608db42251d675da83286b1cce702) (ScriptedImporter) -> (artifact id: '5133e7c549ec3cee5f7076e5efa1dedb') in 0.0040065 seconds
Number of updated asset objects reloaded before import = 0Number of asset objects unloaded after import = 0

========================================================================
Received Import Request.
  Time since last request: 0.000108 seconds.
  path: Assets/AmplifyShaderEditor/Plugins/Editor/Nodes/Constants/Matrix4X4Node.cs
  artifactKey: Guid(4fa5db614b9379b4da27edafa0a8f4e9) Importer(2089858483,192608db42251d675da83286b1cce702)
Start importing Assets/AmplifyShaderEditor/Plugins/Editor/Nodes/Constants/Matrix4X4Node.cs using Guid(4fa5db614b9379b4da27edafa0a8f4e9) Importer(2089858483,192608db42251d675da83286b1cce702) (ScriptedImporter) -> (artifact id: 'c6621ca02372bae72cd868bc32a7c076') in 0.0045717 seconds
Number of updated asset objects reloaded before import = 0Number of asset objects unloaded after import = 0

========================================================================
Received Import Request.
  Time since last request: 0.000158 seconds.
  path: Assets/AmplifyShaderEditor/Plugins/Editor/Nodes/Constants/TextureArrayNode.cs
  artifactKey: Guid(3c5be6f9c03445d4fb70955f594877dc) Importer(2089858483,192608db42251d675da83286b1cce702)
Start importing Assets/AmplifyShaderEditor/Plugins/Editor/Nodes/Constants/TextureArrayNode.cs using Guid(3c5be6f9c03445d4fb70955f594877dc) Importer(2089858483,192608db42251d675da83286b1cce702) (ScriptedImporter) -> (artifact id: 'a741eaefb44b5a92328f9f4d3b813b69') in 0.0037027 seconds
Number of updated asset objects reloaded before import = 0Number of asset objects unloaded after import = 0

========================================================================
Received Import Request.
  Time since last request: 0.000211 seconds.
  path: Assets/AmplifyShaderEditor/Plugins/Editor/Nodes/LogicalOperators/TFHCIf.cs
  artifactKey: Guid(1a3d561a45c21114c99f52c5432b25e9) Importer(2089858483,192608db42251d675da83286b1cce702)
Start importing Assets/AmplifyShaderEditor/Plugins/Editor/Nodes/LogicalOperators/TFHCIf.cs using Guid(1a3d561a45c21114c99f52c5432b25e9) Importer(2089858483,192608db42251d675da83286b1cce702) (ScriptedImporter) -> (artifact id: 'c19d6bf24a4d7fc75a415af9e45ed30f') in 0.0035347 seconds
Number of updated asset objects reloaded before import = 0Number of asset objects unloaded after import = 0

========================================================================
Received Import Request.
  Time since last request: 0.000121 seconds.
  path: Assets/AmplifyShaderEditor/Plugins/EditorResources/Shaders/Unlit-ColoredAlpha.shader
  artifactKey: Guid(50fc796413bac8b40aff70fb5a886273) Importer(2089858483,192608db42251d675da83286b1cce702)
Start importing Assets/AmplifyShaderEditor/Plugins/EditorResources/Shaders/Unlit-ColoredAlpha.shader using Guid(50fc796413bac8b40aff70fb5a886273) Importer(2089858483,192608db42251d675da83286b1cce702) (ScriptedImporter) -> (artifact id: 'd2d1a17f8bf26879c5db23109827aaa7') in 0.0072143 seconds
Number of updated asset objects reloaded before import = 0Number of asset objects unloaded after import = 1

========================================================================
Received Import Request.
  Time since last request: 0.771457 seconds.
  path: Assets/AmplifyShaderEditor/Plugins/Editor/Nodes/Misc/BreakToComponentsNode.cs
  artifactKey: Guid(a74e2c0a9306c0048bfcc733cb7d154d) Importer(2089858483,192608db42251d675da83286b1cce702)
Start importing Assets/AmplifyShaderEditor/Plugins/Editor/Nodes/Misc/BreakToComponentsNode.cs using Guid(a74e2c0a9306c0048bfcc733cb7d154d) Importer(2089858483,192608db42251d675da83286b1cce702) (ScriptedImporter) -> (artifact id: 'e8b0b4a9cde1673208d4d05709b50d8e') in 0.0112511 seconds
Number of updated asset objects reloaded before import = 0Number of asset objects unloaded after import = 0

========================================================================
Received Import Request.
  Time since last request: 0.000151 seconds.
  path: Assets/AmplifyShaderEditor/Plugins/Editor/Nodes/Operators/OneMinusNode.cs
  artifactKey: Guid(727743b66e17d7b4f9c2fbe7dde98bd9) Importer(2089858483,192608db42251d675da83286b1cce702)
Start importing Assets/AmplifyShaderEditor/Plugins/Editor/Nodes/Operators/OneMinusNode.cs using Guid(727743b66e17d7b4f9c2fbe7dde98bd9) Importer(2089858483,192608db42251d675da83286b1cce702) (ScriptedImporter) -> (artifact id: '50c60c82d1a775bc53c68d97abdc9b80') in 0.0078979 seconds
Number of updated asset objects reloaded before import = 0Number of asset objects unloaded after import = 0

========================================================================
Received Import Request.
  Time since last request: 0.000321 seconds.
  path: Assets/AmplifyShaderEditor/Plugins/Editor/Nodes/Operators/PowerNode.cs
  artifactKey: Guid(520a55839e863ce47b3558be612f4691) Importer(2089858483,192608db42251d675da83286b1cce702)
Start importing Assets/AmplifyShaderEditor/Plugins/Editor/Nodes/Operators/PowerNode.cs using Guid(520a55839e863ce47b3558be612f4691) Importer(2089858483,192608db42251d675da83286b1cce702) (ScriptedImporter) -> (artifact id: '8132bb84c6e063b0a7fff70903490c1e') in 0.0087424 seconds
Number of updated asset objects reloaded before import = 0Number of asset objects unloaded after import = 0

========================================================================
Received Import Request.
  Time since last request: 0.000232 seconds.
  path: Assets/AmplifyShaderEditor/Plugins/EditorResources/UI/Buttons/CustomExpRemoveIconActive.png
  artifactKey: Guid(1ba096552f9cbbb418ee2286856bb352) Importer(2089858483,192608db42251d675da83286b1cce702)
Start importing Assets/AmplifyShaderEditor/Plugins/EditorResources/UI/Buttons/CustomExpRemoveIconActive.png using Guid(1ba096552f9cbbb418ee2286856bb352) Importer(2089858483,192608db42251d675da83286b1cce702) (ScriptedImporter) -> (artifact id: 'fcc7faadb62c9c9e1c93fd8e702c3caf') in 0.0149197 seconds
Number of updated asset objects reloaded before import = 0Number of asset objects unloaded after import = 1

========================================================================
Received Import Request.
  Time since last request: 0.000393 seconds.
  path: Assets/AmplifyShaderEditor/Plugins/EditorResources/UI/Buttons/CustomExpAddIconNormal.png
  artifactKey: Guid(7eb057fdbf020504fb6c9c3c78031e5e) Importer(2089858483,192608db42251d675da83286b1cce702)
Start importing Assets/AmplifyShaderEditor/Plugins/EditorResources/UI/Buttons/CustomExpAddIconNormal.png using Guid(7eb057fdbf020504fb6c9c3c78031e5e) Importer(2089858483,192608db42251d675da83286b1cce702) (ScriptedImporter) -> (artifact id: 'ab5a2c56b9967f22140a4ef3d56858e6') in 0.0155566 seconds
Number of updated asset objects reloaded before import = 0Number of asset objects unloaded after import = 1

========================================================================
Received Import Request.
  Time since last request: 0.000121 seconds.
  path: Assets/AmplifyShaderEditor/Plugins/Editor/Nodes/Operators/LengthOpNode.cs
  artifactKey: Guid(bb3fd570e41cfa24d93b53e80eac02d5) Importer(2089858483,192608db42251d675da83286b1cce702)
Start importing Assets/AmplifyShaderEditor/Plugins/Editor/Nodes/Operators/LengthOpNode.cs using Guid(bb3fd570e41cfa24d93b53e80eac02d5) Importer(2089858483,192608db42251d675da83286b1cce702) (ScriptedImporter) -> (artifact id: 'a73cf264352dec07bf2284713fb5cf8f') in 0.0051455 seconds
Number of updated asset objects reloaded before import = 0Number of asset objects unloaded after import = 0

========================================================================
Received Import Request.
  Time since last request: 0.000158 seconds.
  path: Assets/AmplifyShaderEditor/Plugins/EditorResources/Templates/SRP (Legacy)/HDSRPTemplates 7xx - 9xx (Legacy).unitypackage
  artifactKey: Guid(3aeabe705b70b154ea99893f91351100) Importer(2089858483,192608db42251d675da83286b1cce702)
Start importing Assets/AmplifyShaderEditor/Plugins/EditorResources/Templates/SRP (Legacy)/HDSRPTemplates 7xx - 9xx (Legacy).unitypackage using Guid(3aeabe705b70b154ea99893f91351100) Importer(2089858483,192608db42251d675da83286b1cce702) (ScriptedImporter) -> (artifact id: '4536364e980611406901fcdb134b4d8b') in 0.0051291 seconds
Number of updated asset objects reloaded before import = 0Number of asset objects unloaded after import = 1

========================================================================
Received Import Request.
  Time since last request: 0.000172 seconds.
  path: Assets/AmplifyShaderEditor/Plugins/Editor/Nodes/Operators/VariablePortTypeOpNode.cs
  artifactKey: Guid(97be7adea7b8ae44c9bebb753277e0c2) Importer(2089858483,192608db42251d675da83286b1cce702)
Start importing Assets/AmplifyShaderEditor/Plugins/Editor/Nodes/Operators/VariablePortTypeOpNode.cs using Guid(97be7adea7b8ae44c9bebb753277e0c2) Importer(2089858483,192608db42251d675da83286b1cce702) (ScriptedImporter) -> (artifact id: '3baade85f9a4c87e58804cf14330140d') in 0.0043691 seconds
Number of updated asset objects reloaded before import = 0Number of asset objects unloaded after import = 0

========================================================================
Received Import Request.
  Time since last request: 0.000115 seconds.
  path: Assets/AmplifyShaderEditor/Plugins/EditorResources/UI/Buttons/Open.png
  artifactKey: Guid(d8b538796c7980843b59d62dbcdebef5) Importer(2089858483,192608db42251d675da83286b1cce702)
Start importing Assets/AmplifyShaderEditor/Plugins/EditorResources/UI/Buttons/Open.png using Guid(d8b538796c7980843b59d62dbcdebef5) Importer(2089858483,192608db42251d675da83286b1cce702) (ScriptedImporter) -> (artifact id: 'ec1137f88b79d6de68cf68ff41809e95') in 0.0120069 seconds
Number of updated asset objects reloaded before import = 0Number of asset objects unloaded after import = 1

========================================================================
Received Import Request.
  Time since last request: 0.000038 seconds.
  path: Assets/AmplifyShaderEditor/Plugins/Editor/Nodes/Operators/SignOpNode.cs
  artifactKey: Guid(429f407c2b590df45b215f0edfa49b97) Importer(2089858483,192608db42251d675da83286b1cce702)
Start importing Assets/AmplifyShaderEditor/Plugins/Editor/Nodes/Operators/SignOpNode.cs using Guid(429f407c2b590df45b215f0edfa49b97) Importer(2089858483,192608db42251d675da83286b1cce702) (ScriptedImporter) -> (artifact id: '730b85af7df6d884ef9bbc209ff5bfae') in 0.0048497 seconds
Number of updated asset objects reloaded before import = 0Number of asset objects unloaded after import = 0

========================================================================
Received Import Request.
  Time since last request: 0.000155 seconds.
  path: Assets/AmplifyShaderEditor/Plugins/Editor/Nodes/SurfaceShaderInputs/UVCoordsParentNode.cs
  artifactKey: Guid(73fb18e7d547d514695cb0b83a29f80e) Importer(2089858483,192608db42251d675da83286b1cce702)
Start importing Assets/AmplifyShaderEditor/Plugins/Editor/Nodes/SurfaceShaderInputs/UVCoordsParentNode.cs using Guid(73fb18e7d547d514695cb0b83a29f80e) Importer(2089858483,192608db42251d675da83286b1cce702) (ScriptedImporter) -> (artifact id: '2046d71aa2004a177f2e68a073038d07') in 0.0038184 seconds
Number of updated asset objects reloaded before import = 0Number of asset objects unloaded after import = 0

========================================================================
Received Import Request.
  Time since last request: 0.000231 seconds.
  path: Assets/AmplifyShaderEditor/Plugins/Editor/Nodes/Vertex/VertexDataNode.cs
  artifactKey: Guid(e5f8fa23e49e4be478b283a704459767) Importer(2089858483,192608db42251d675da83286b1cce702)
Start importing Assets/AmplifyShaderEditor/Plugins/Editor/Nodes/Vertex/VertexDataNode.cs using Guid(e5f8fa23e49e4be478b283a704459767) Importer(2089858483,192608db42251d675da83286b1cce702) (ScriptedImporter) -> (artifact id: 'e85d28e103c7f8f2538d790f19a7bc2e') in 0.004417 seconds
Number of updated asset objects reloaded before import = 0Number of asset objects unloaded after import = 0

========================================================================
Received Import Request.
  Time since last request: 0.000212 seconds.
  path: Assets/AmplifyShaderEditor/Plugins/EditorResources/UI/Buttons/MiniBotMidOn.png
  artifactKey: Guid(133e79bed45185d408f4c5410f89dded) Importer(2089858483,192608db42251d675da83286b1cce702)
Start importing Assets/AmplifyShaderEditor/Plugins/EditorResources/UI/Buttons/MiniBotMidOn.png using Guid(133e79bed45185d408f4c5410f89dded) Importer(2089858483,192608db42251d675da83286b1cce702) (ScriptedImporter) -> (artifact id: 'a00726d2df9dfdd77477c7d2aa6b8fdf') in 0.0091076 seconds
Number of updated asset objects reloaded before import = 0Number of asset objects unloaded after import = 1

========================================================================
Received Import Request.
  Time since last request: 0.000167 seconds.
  path: Assets/AmplifyShaderEditor/Plugins/Editor/Nodes/Operators/FWidthOpNode.cs
  artifactKey: Guid(2e17448829221b04bb3185bef727b19f) Importer(2089858483,192608db42251d675da83286b1cce702)
Start importing Assets/AmplifyShaderEditor/Plugins/Editor/Nodes/Operators/FWidthOpNode.cs using Guid(2e17448829221b04bb3185bef727b19f) Importer(2089858483,192608db42251d675da83286b1cce702) (ScriptedImporter) -> (artifact id: 'be1de1192bcd685c331167fbd2c5dbc8') in 0.0063199 seconds
Number of updated asset objects reloaded before import = 0Number of asset objects unloaded after import = 0

========================================================================
Received Import Request.
  Time since last request: 0.000158 seconds.
  path: Assets/AmplifyShaderEditor/Plugins/Editor/Nodes/Operators/CrossProductOpNode.cs
  artifactKey: Guid(283bc0645ce925346b33c024ff5a7dad) Importer(2089858483,192608db42251d675da83286b1cce702)
Start importing Assets/AmplifyShaderEditor/Plugins/Editor/Nodes/Operators/CrossProductOpNode.cs using Guid(283bc0645ce925346b33c024ff5a7dad) Importer(2089858483,192608db42251d675da83286b1cce702) (ScriptedImporter) -> (artifact id: '7ddf48be7dc7e0fe433bf86b677c386c') in 0.0048443 seconds
Number of updated asset objects reloaded before import = 0Number of asset objects unloaded after import = 0

========================================================================
Received Import Request.
  Time since last request: 0.000190 seconds.
  path: Assets/AmplifyShaderEditor/Plugins/Editor/Nodes/Operators/ASinOpNode.cs
  artifactKey: Guid(268ebf76d03c2e84f8c80a375773b46c) Importer(2089858483,192608db42251d675da83286b1cce702)
Start importing Assets/AmplifyShaderEditor/Plugins/Editor/Nodes/Operators/ASinOpNode.cs using Guid(268ebf76d03c2e84f8c80a375773b46c) Importer(2089858483,192608db42251d675da83286b1cce702) (ScriptedImporter) -> (artifact id: '39774876036cffbfb7ca6c84fbb8f315') in 0.0044498 seconds
Number of updated asset objects reloaded before import = 0Number of asset objects unloaded after import = 0

========================================================================
Received Import Request.
  Time since last request: 0.000192 seconds.
  path: Assets/AmplifyShaderEditor/Plugins/EditorResources/UI/Buttons/LivePending.png
  artifactKey: Guid(e3182200efb67114eb5050f8955e1746) Importer(2089858483,192608db42251d675da83286b1cce702)
Start importing Assets/AmplifyShaderEditor/Plugins/EditorResources/UI/Buttons/LivePending.png using Guid(e3182200efb67114eb5050f8955e1746) Importer(2089858483,192608db42251d675da83286b1cce702) (ScriptedImporter) -> (artifact id: '891ca8f0051f8e6fd25136c01086c6c5') in 0.0091448 seconds
Number of updated asset objects reloaded before import = 0Number of asset objects unloaded after import = 1

========================================================================
Received Import Request.
  Time since last request: 0.000189 seconds.
  path: Assets/AmplifyShaderEditor/Plugins/EditorResources/UI/Buttons/MiniBotRightOff.png
  artifactKey: Guid(bfcecef29876cc54db85363cf2feebb2) Importer(2089858483,192608db42251d675da83286b1cce702)
Start importing Assets/AmplifyShaderEditor/Plugins/EditorResources/UI/Buttons/MiniBotRightOff.png using Guid(bfcecef29876cc54db85363cf2feebb2) Importer(2089858483,192608db42251d675da83286b1cce702) (ScriptedImporter) -> (artifact id: '66f9ff6838d7ec125e8a5521609ee2a1') in 0.0114397 seconds
Number of updated asset objects reloaded before import = 0Number of asset objects unloaded after import = 1

========================================================================
Received Import Request.
  Time since last request: 0.000078 seconds.
  path: Assets/AmplifyShaderEditor/Plugins/Editor/Nodes/Operators/DotProductOpNode.cs
  artifactKey: Guid(c2bf0375fb75ce245b2f30857a111972) Importer(2089858483,192608db42251d675da83286b1cce702)
Start importing Assets/AmplifyShaderEditor/Plugins/Editor/Nodes/Operators/DotProductOpNode.cs using Guid(c2bf0375fb75ce245b2f30857a111972) Importer(2089858483,192608db42251d675da83286b1cce702) (ScriptedImporter) -> (artifact id: '236c9b3087b2fe5fc17cefd0dc37e115') in 0.0043376 seconds
Number of updated asset objects reloaded before import = 0Number of asset objects unloaded after import = 0

========================================================================
Received Import Request.
  Time since last request: 0.000097 seconds.
  path: Assets/AmplifyShaderEditor/Plugins/Editor/Nodes/Operators/TanOpNode.cs
  artifactKey: Guid(535b4367719ca2146bb7ddac217dad94) Importer(2089858483,192608db42251d675da83286b1cce702)
Start importing Assets/AmplifyShaderEditor/Plugins/Editor/Nodes/Operators/TanOpNode.cs using Guid(535b4367719ca2146bb7ddac217dad94) Importer(2089858483,192608db42251d675da83286b1cce702) (ScriptedImporter) -> (artifact id: 'ab8df5563cb73e73df632944e0dddec7') in 0.0040961 seconds
Number of updated asset objects reloaded before import = 0Number of asset objects unloaded after import = 0

========================================================================
Received Import Request.
  Time since last request: 0.000162 seconds.
  path: Assets/AmplifyShaderEditor/Plugins/EditorResources/UI/Canvas/SelectionBox.png
  artifactKey: Guid(a702c1245d15ddb48b8fba73bf951a65) Importer(2089858483,192608db42251d675da83286b1cce702)
Start importing Assets/AmplifyShaderEditor/Plugins/EditorResources/UI/Canvas/SelectionBox.png using Guid(a702c1245d15ddb48b8fba73bf951a65) Importer(2089858483,192608db42251d675da83286b1cce702) (ScriptedImporter) -> (artifact id: '36ac67aa72c02d370a1138130aaf188b') in 0.011629 seconds
Number of updated asset objects reloaded before import = 0Number of asset objects unloaded after import = 1

========================================================================
Received Import Request.
  Time since last request: 0.000105 seconds.
  path: Assets/AmplifyShaderEditor/Plugins/EditorResources/UI/Buttons/CleanupOFF.png
  artifactKey: Guid(f62c0c3a5ddcd844e905fb2632fdcb15) Importer(2089858483,192608db42251d675da83286b1cce702)
Start importing Assets/AmplifyShaderEditor/Plugins/EditorResources/UI/Buttons/CleanupOFF.png using Guid(f62c0c3a5ddcd844e905fb2632fdcb15) Importer(2089858483,192608db42251d675da83286b1cce702) (ScriptedImporter) -> (artifact id: '517e935770c7a1090428c4f36695c84d') in 0.0122537 seconds
Number of updated asset objects reloaded before import = 0Number of asset objects unloaded after import = 1

========================================================================
Received Import Request.
  Time since last request: 0.000137 seconds.
  path: Assets/AmplifyShaderEditor/Plugins/Editor/Nodes/Operators/SmoothstepOpNode.cs
  artifactKey: Guid(0f64eb769f843a349a0d249beacc6fc3) Importer(2089858483,192608db42251d675da83286b1cce702)
Start importing Assets/AmplifyShaderEditor/Plugins/Editor/Nodes/Operators/SmoothstepOpNode.cs using Guid(0f64eb769f843a349a0d249beacc6fc3) Importer(2089858483,192608db42251d675da83286b1cce702) (ScriptedImporter) -> (artifact id: '857dfa9e6ae05412cdfa5093796ef6de') in 0.0043019 seconds
Number of updated asset objects reloaded before import = 0Number of asset objects unloaded after import = 0

========================================================================
Received Import Request.
  Time since last request: 0.000129 seconds.
  path: Assets/AmplifyShaderEditor/Plugins/EditorResources/UI/Buttons/MiniBotRightOn.png
  artifactKey: Guid(3821e905373e9fb4aac56ad254ba5769) Importer(2089858483,192608db42251d675da83286b1cce702)
Start importing Assets/AmplifyShaderEditor/Plugins/EditorResources/UI/Buttons/MiniBotRightOn.png using Guid(3821e905373e9fb4aac56ad254ba5769) Importer(2089858483,192608db42251d675da83286b1cce702) (ScriptedImporter) -> (artifact id: 'e6cae8124d66541905b677c1b71b31a8') in 0.0102091 seconds
Number of updated asset objects reloaded before import = 0Number of asset objects unloaded after import = 1

========================================================================
Received Import Request.
  Time since last request: 0.000161 seconds.
  path: Assets/AmplifyShaderEditor/Plugins/Editor/Nodes/Misc/RegisterLocalVarNode.cs
  artifactKey: Guid(ebd1a3b3014ccdd40b8fa805b4281c6f) Importer(2089858483,192608db42251d675da83286b1cce702)
Start importing Assets/AmplifyShaderEditor/Plugins/Editor/Nodes/Misc/RegisterLocalVarNode.cs using Guid(ebd1a3b3014ccdd40b8fa805b4281c6f) Importer(2089858483,192608db42251d675da83286b1cce702) (ScriptedImporter) -> (artifact id: '55dce7ac73b794c3f601b9e5cf684f98') in 0.0052207 seconds
Number of updated asset objects reloaded before import = 0Number of asset objects unloaded after import = 0

========================================================================
Received Import Request.
  Time since last request: 0.000117 seconds.
  path: Assets/AmplifyShaderEditor/Plugins/EditorResources/UI/Buttons/OpenSourceCodeOFF.PNG
  artifactKey: Guid(f7e8834b42791124095a8b7f2d4daac2) Importer(2089858483,192608db42251d675da83286b1cce702)
Start importing Assets/AmplifyShaderEditor/Plugins/EditorResources/UI/Buttons/OpenSourceCodeOFF.PNG using Guid(f7e8834b42791124095a8b7f2d4daac2) Importer(2089858483,192608db42251d675da83286b1cce702) (ScriptedImporter) -> (artifact id: 'f763995573b8c14edbaf9fef4c83287e') in 0.0094625 seconds
Number of updated asset objects reloaded before import = 0Number of asset objects unloaded after import = 1

========================================================================
Received Import Request.
  Time since last request: 0.000049 seconds.
  path: Assets/AmplifyShaderEditor/Plugins/EditorResources/UI/Buttons/ShareOFF.png
  artifactKey: Guid(bc5bd469748466a459badfab23915cb0) Importer(2089858483,192608db42251d675da83286b1cce702)
Start importing Assets/AmplifyShaderEditor/Plugins/EditorResources/UI/Buttons/ShareOFF.png using Guid(bc5bd469748466a459badfab23915cb0) Importer(2089858483,192608db42251d675da83286b1cce702) (ScriptedImporter) -> (artifact id: '8322d11c3bea0b8a7847ee6875958db2') in 0.0109246 seconds
Number of updated asset objects reloaded before import = 0Number of asset objects unloaded after import = 1

========================================================================
Received Import Request.
  Time since last request: 0.000106 seconds.
  path: Assets/AmplifyShaderEditor/Plugins/EditorResources/UI/Buttons/RemoveFromList.png
  artifactKey: Guid(75f68506ba820564ea85b2620d78c097) Importer(2089858483,192608db42251d675da83286b1cce702)
Start importing Assets/AmplifyShaderEditor/Plugins/EditorResources/UI/Buttons/RemoveFromList.png using Guid(75f68506ba820564ea85b2620d78c097) Importer(2089858483,192608db42251d675da83286b1cce702) (ScriptedImporter) -> (artifact id: '42487f460fb68be611640cafd2408a7b') in 0.0101866 seconds
Number of updated asset objects reloaded before import = 0Number of asset objects unloaded after import = 1

========================================================================
Received Import Request.
  Time since last request: 0.000181 seconds.
  path: Assets/AmplifyShaderEditor/Plugins/EditorResources/Templates/Legacy/Particle Alpha Blend.shader
  artifactKey: Guid(0b6a9f8b4f707c74ca64c0be8e590de0) Importer(2089858483,192608db42251d675da83286b1cce702)
Start importing Assets/AmplifyShaderEditor/Plugins/EditorResources/Templates/Legacy/Particle Alpha Blend.shader using Guid(0b6a9f8b4f707c74ca64c0be8e590de0) Importer(2089858483,192608db42251d675da83286b1cce702) (ScriptedImporter) -> (artifact id: '18fcbc87c60d4eb3780831c7912507d1') in 0.0066107 seconds
Number of updated asset objects reloaded before import = 0Number of asset objects unloaded after import = 1

========================================================================
Received Import Request.
  Time since last request: 0.000084 seconds.
  path: Assets/AmplifyShaderEditor/Plugins/Editor/Nodes/Textures/RotatorNode.cs
  artifactKey: Guid(e228d03a789934a4f90f9587396692e3) Importer(2089858483,192608db42251d675da83286b1cce702)
Start importing Assets/AmplifyShaderEditor/Plugins/Editor/Nodes/Textures/RotatorNode.cs using Guid(e228d03a789934a4f90f9587396692e3) Importer(2089858483,192608db42251d675da83286b1cce702) (ScriptedImporter) -> (artifact id: '72d3c184ca377d3a5fbf60dc032e2afc') in 0.0043933 seconds
Number of updated asset objects reloaded before import = 0Number of asset objects unloaded after import = 0

========================================================================
Received Import Request.
  Time since last request: 0.000107 seconds.
  path: Assets/AmplifyShaderEditor/Plugins/EditorResources/Templates/SRP (Legacy)/HDSRPTemplates 4xx (Legacy).unitypackage
  artifactKey: Guid(5d615bf612f33364e96fb9fd2959ae9c) Importer(2089858483,192608db42251d675da83286b1cce702)
Start importing Assets/AmplifyShaderEditor/Plugins/EditorResources/Templates/SRP (Legacy)/HDSRPTemplates 4xx (Legacy).unitypackage using Guid(5d615bf612f33364e96fb9fd2959ae9c) Importer(2089858483,192608db42251d675da83286b1cce702) (ScriptedImporter) -> (artifact id: 'c805f92a61b21baab80610deb9fca288') in 0.005674 seconds
Number of updated asset objects reloaded before import = 0Number of asset objects unloaded after import = 1

========================================================================
Received Import Request.
  Time since last request: 0.000115 seconds.
  path: Assets/AmplifyShaderEditor/Plugins/Editor/Nodes/Textures/TexturePropertyNode.cs
  artifactKey: Guid(c1210b3dd22dafe418c5a998df2c3443) Importer(2089858483,192608db42251d675da83286b1cce702)
Start importing Assets/AmplifyShaderEditor/Plugins/Editor/Nodes/Textures/TexturePropertyNode.cs using Guid(c1210b3dd22dafe418c5a998df2c3443) Importer(2089858483,192608db42251d675da83286b1cce702) (ScriptedImporter) -> (artifact id: '5d82718084387c2aa2399a641415aa34') in 0.0051214 seconds
Number of updated asset objects reloaded before import = 0Number of asset objects unloaded after import = 0

========================================================================
Received Import Request.
  Time since last request: 0.000120 seconds.
  path: Assets/AmplifyShaderEditor/Plugins/Editor/Nodes/Misc/RelayNode.cs
  artifactKey: Guid(ef679ba7cdeda594aa3e5c02b25e66df) Importer(2089858483,192608db42251d675da83286b1cce702)
Start importing Assets/AmplifyShaderEditor/Plugins/Editor/Nodes/Misc/RelayNode.cs using Guid(ef679ba7cdeda594aa3e5c02b25e66df) Importer(2089858483,192608db42251d675da83286b1cce702) (ScriptedImporter) -> (artifact id: '28d1b82653add57f99ecc7538fd59942') in 0.0043335 seconds
Number of updated asset objects reloaded before import = 0Number of asset objects unloaded after import = 0

========================================================================
Received Import Request.
  Time since last request: 0.000108 seconds.
  path: Assets/AmplifyShaderEditor/Plugins/EditorResources/Templates/SRP (Legacy)/USRPTemplates 7xx - 9xx (Legacy).unitypackage
  artifactKey: Guid(f54faaaf4faf8784183ede7f87dfeb23) Importer(2089858483,192608db42251d675da83286b1cce702)
Start importing Assets/AmplifyShaderEditor/Plugins/EditorResources/Templates/SRP (Legacy)/USRPTemplates 7xx - 9xx (Legacy).unitypackage using Guid(f54faaaf4faf8784183ede7f87dfeb23) Importer(2089858483,192608db42251d675da83286b1cce702) (ScriptedImporter) -> (artifact id: 'c1228b38f90d431b4d0cef2086ece011') in 0.0046922 seconds
Number of updated asset objects reloaded before import = 0Number of asset objects unloaded after import = 1

========================================================================
Received Import Request.
  Time since last request: 0.000127 seconds.
  path: Assets/AmplifyShaderEditor/Plugins/EditorResources/UI/Canvas/Grid128.png
  artifactKey: Guid(881c304491028ea48b5027ac6c62cf73) Importer(2089858483,192608db42251d675da83286b1cce702)
Start importing Assets/AmplifyShaderEditor/Plugins/EditorResources/UI/Canvas/Grid128.png using Guid(881c304491028ea48b5027ac6c62cf73) Importer(2089858483,192608db42251d675da83286b1cce702) (ScriptedImporter) -> (artifact id: '90a4e18237333ede633ccec88f65a5db') in 0.0120013 seconds
Number of updated asset objects reloaded before import = 0Number of asset objects unloaded after import = 1

========================================================================
Received Import Request.
  Time since last request: 0.000066 seconds.
  path: Assets/AmplifyShaderEditor/Plugins/Editor/Nodes/SurfaceShaderInputs/WorldNormalVector.cs
  artifactKey: Guid(d61a084db19701c4fb3030ee953ac509) Importer(2089858483,192608db42251d675da83286b1cce702)
Start importing Assets/AmplifyShaderEditor/Plugins/Editor/Nodes/SurfaceShaderInputs/WorldNormalVector.cs using Guid(d61a084db19701c4fb3030ee953ac509) Importer(2089858483,192608db42251d675da83286b1cce702) (ScriptedImporter) -> (artifact id: 'c90c857f678609275739d77d33c87a0c') in 0.0051716 seconds
Number of updated asset objects reloaded before import = 0Number of asset objects unloaded after import = 0

========================================================================
Received Import Request.
  Time since last request: 0.000133 seconds.
  path: Assets/AmplifyShaderEditor/Plugins/Editor/Nodes/Operators/ClipNode.cs
  artifactKey: Guid(78e9954f4d587b74fa38ae1dd9922d77) Importer(2089858483,192608db42251d675da83286b1cce702)
Start importing Assets/AmplifyShaderEditor/Plugins/Editor/Nodes/Operators/ClipNode.cs using Guid(78e9954f4d587b74fa38ae1dd9922d77) Importer(2089858483,192608db42251d675da83286b1cce702) (ScriptedImporter) -> (artifact id: 'cb6340fbfaddd0e1e81a808ee18a94f0') in 0.0041311 seconds
Number of updated asset objects reloaded before import = 0Number of asset objects unloaded after import = 0

========================================================================
Received Import Request.
  Time since last request: 0.000135 seconds.
  path: Assets/AmplifyShaderEditor/Plugins/EditorResources/UI/Buttons/SelectionAsTemplate.png
  artifactKey: Guid(8148796947da07d49906f1201f417a60) Importer(2089858483,192608db42251d675da83286b1cce702)
Start importing Assets/AmplifyShaderEditor/Plugins/EditorResources/UI/Buttons/SelectionAsTemplate.png using Guid(8148796947da07d49906f1201f417a60) Importer(2089858483,192608db42251d675da83286b1cce702) (ScriptedImporter) -> (artifact id: 'dd1670c92835fbd2a322af4d871ac47f') in 0.0104327 seconds
Number of updated asset objects reloaded before import = 0Number of asset objects unloaded after import = 1

========================================================================
Received Import Request.
  Time since last request: 0.000188 seconds.
  path: Assets/AmplifyShaderEditor/Plugins/Editor/Nodes/Vertex/NormalVertexDataNode.cs
  artifactKey: Guid(4c7b60515f9cf6043bf8d03531d268f9) Importer(2089858483,192608db42251d675da83286b1cce702)
Start importing Assets/AmplifyShaderEditor/Plugins/Editor/Nodes/Vertex/NormalVertexDataNode.cs using Guid(4c7b60515f9cf6043bf8d03531d268f9) Importer(2089858483,192608db42251d675da83286b1cce702) (ScriptedImporter) -> (artifact id: '787eb88c1694074eabb772a353cf002b') in 0.0054096 seconds
Number of updated asset objects reloaded before import = 0Number of asset objects unloaded after import = 0

========================================================================
Received Import Request.
  Time since last request: 0.000275 seconds.
  path: Assets/AmplifyShaderEditor/Plugins/Editor/Nodes/Textures/TFHCFlipBookUVAnimation.cs
  artifactKey: Guid(38b8c76e7f2dc294581195a669942706) Importer(2089858483,192608db42251d675da83286b1cce702)
Start importing Assets/AmplifyShaderEditor/Plugins/Editor/Nodes/Textures/TFHCFlipBookUVAnimation.cs using Guid(38b8c76e7f2dc294581195a669942706) Importer(2089858483,192608db42251d675da83286b1cce702) (ScriptedImporter) -> (artifact id: 'f39a47990addff5ead325ac1236b7172') in 0.0055136 seconds
Number of updated asset objects reloaded before import = 0Number of asset objects unloaded after import = 0

========================================================================
Received Import Request.
  Time since last request: 0.000098 seconds.
  path: Assets/AmplifyShaderEditor/Plugins/EditorResources/UI/Buttons/MiniBotRightOnHover.png
  artifactKey: Guid(d3098ebd60a35494e9977bd96b923298) Importer(2089858483,192608db42251d675da83286b1cce702)
Start importing Assets/AmplifyShaderEditor/Plugins/EditorResources/UI/Buttons/MiniBotRightOnHover.png using Guid(d3098ebd60a35494e9977bd96b923298) Importer(2089858483,192608db42251d675da83286b1cce702) (ScriptedImporter) -> (artifact id: 'd1263848fbe53fbd35a941f0adbbc85f') in 0.0106561 seconds
Number of updated asset objects reloaded before import = 0Number of asset objects unloaded after import = 1

========================================================================
Received Import Request.
  Time since last request: 0.000108 seconds.
  path: Assets/AmplifyShaderEditor/Plugins/Editor/Nodes/Operators/CoshOpNode.cs
  artifactKey: Guid(2b50a187f488a004aaa2dabbe558ab3a) Importer(2089858483,192608db42251d675da83286b1cce702)
Start importing Assets/AmplifyShaderEditor/Plugins/Editor/Nodes/Operators/CoshOpNode.cs using Guid(2b50a187f488a004aaa2dabbe558ab3a) Importer(2089858483,192608db42251d675da83286b1cce702) (ScriptedImporter) -> (artifact id: '14907f06a14341ddc1edc91d84e5d225') in 0.0045732 seconds
Number of updated asset objects reloaded before import = 0Number of asset objects unloaded after import = 0

========================================================================
Received Import Request.
  Time since last request: 0.000136 seconds.
  path: Assets/AmplifyShaderEditor/Plugins/EditorResources/UI/Buttons/Checkmark.png
  artifactKey: Guid(e9c4642eaa083a54ab91406d8449e6ac) Importer(2089858483,192608db42251d675da83286b1cce702)
Start importing Assets/AmplifyShaderEditor/Plugins/EditorResources/UI/Buttons/Checkmark.png using Guid(e9c4642eaa083a54ab91406d8449e6ac) Importer(2089858483,192608db42251d675da83286b1cce702) (ScriptedImporter) -> (artifact id: '3e0aa4c765a9346b3207dafc0e4290fa') in 0.0148296 seconds
Number of updated asset objects reloaded before import = 0Number of asset objects unloaded after import = 1

========================================================================
Received Import Request.
  Time since last request: 0.000190 seconds.
  path: Assets/AmplifyShaderEditor/Plugins/Editor/Nodes/Constants/ShaderVariables/Time/CosTime.cs
  artifactKey: Guid(447e504f2ca5aaf4bbf0fdbce33596bc) Importer(2089858483,192608db42251d675da83286b1cce702)
Start importing Assets/AmplifyShaderEditor/Plugins/Editor/Nodes/Constants/ShaderVariables/Time/CosTime.cs using Guid(447e504f2ca5aaf4bbf0fdbce33596bc) Importer(2089858483,192608db42251d675da83286b1cce702) (ScriptedImporter) -> (artifact id: '136a061cc3ad121b61dc862cfdfbde44') in 0.0049992 seconds
Number of updated asset objects reloaded before import = 0Number of asset objects unloaded after import = 0

========================================================================
Received Import Request.
  Time since last request: 0.000132 seconds.
  path: Assets/AmplifyShaderEditor/Plugins/Editor/Nodes/Constants/ShaderVariables/Transform/ViewMatrixNode.cs
  artifactKey: Guid(5aa75cc5e6044a44a9a4439eac1d948b) Importer(2089858483,192608db42251d675da83286b1cce702)
Start importing Assets/AmplifyShaderEditor/Plugins/Editor/Nodes/Constants/ShaderVariables/Transform/ViewMatrixNode.cs using Guid(5aa75cc5e6044a44a9a4439eac1d948b) Importer(2089858483,192608db42251d675da83286b1cce702) (ScriptedImporter) -> (artifact id: '3990cf8d7681513db1bf942510218460') in 0.0041921 seconds
Number of updated asset objects reloaded before import = 0Number of asset objects unloaded after import = 0

========================================================================
Received Import Request.
  Time since last request: 0.000200 seconds.
  path: Assets/AmplifyShaderEditor/Plugins/Editor/Nodes/Constants/ShaderVariables/Transform/TransformPositionNode.cs
  artifactKey: Guid(274dde08d42e4b041b9be7a22a8c09d6) Importer(2089858483,192608db42251d675da83286b1cce702)
Start importing Assets/AmplifyShaderEditor/Plugins/Editor/Nodes/Constants/ShaderVariables/Transform/TransformPositionNode.cs using Guid(274dde08d42e4b041b9be7a22a8c09d6) Importer(2089858483,192608db42251d675da83286b1cce702) (ScriptedImporter) -> (artifact id: '9966c9ecf3d3702b8c79c1f798574a4e') in 0.0048467 seconds
Number of updated asset objects reloaded before import = 0Number of asset objects unloaded after import = 0

========================================================================
Received Import Request.
  Time since last request: 0.000102 seconds.
  path: Assets/AmplifyShaderEditor/Plugins/EditorResources/UI/Nodes/GraphButtonActive.png
  artifactKey: Guid(dd3411e8d9927d3429d5872dbdbd752b) Importer(2089858483,192608db42251d675da83286b1cce702)
Start importing Assets/AmplifyShaderEditor/Plugins/EditorResources/UI/Nodes/GraphButtonActive.png using Guid(dd3411e8d9927d3429d5872dbdbd752b) Importer(2089858483,192608db42251d675da83286b1cce702) (ScriptedImporter) -> (artifact id: '0d2d22f120c11ab0f9a562a54834dcf0') in 0.010763 seconds
Number of updated asset objects reloaded before import = 0Number of asset objects unloaded after import = 1

========================================================================
Received Import Request.
  Time since last request: 0.000059 seconds.
  path: Assets/AmplifyShaderEditor/Plugins/Editor/Nodes/Constants/ShaderVariables/Various/PrimitiveIdVariableNode.cs
  artifactKey: Guid(dd0af9fbbba750341a7b09316178f285) Importer(2089858483,192608db42251d675da83286b1cce702)
Start importing Assets/AmplifyShaderEditor/Plugins/Editor/Nodes/Constants/ShaderVariables/Various/PrimitiveIdVariableNode.cs using Guid(dd0af9fbbba750341a7b09316178f285) Importer(2089858483,192608db42251d675da83286b1cce702) (ScriptedImporter) -> (artifact id: '88ff7c1c9da8665030a3bc90b5c84ab2') in 0.0062366 seconds
Number of updated asset objects reloaded before import = 0Number of asset objects unloaded after import = 0

========================================================================
Received Import Request.
  Time since last request: 0.000113 seconds.
  path: Assets/AmplifyShaderEditor/Plugins/Editor/Nodes/Constants/ShaderVariables/Transform/Texture1MatrixNode.cs
  artifactKey: Guid(9ef360a7c6005ad479d7a3e6db1d32f4) Importer(2089858483,192608db42251d675da83286b1cce702)
Start importing Assets/AmplifyShaderEditor/Plugins/Editor/Nodes/Constants/ShaderVariables/Transform/Texture1MatrixNode.cs using Guid(9ef360a7c6005ad479d7a3e6db1d32f4) Importer(2089858483,192608db42251d675da83286b1cce702) (ScriptedImporter) -> (artifact id: '09ab7f1523c0ae944596eef36a6985e0') in 0.005319 seconds
Number of updated asset objects reloaded before import = 0Number of asset objects unloaded after import = 0

========================================================================
Received Import Request.
  Time since last request: 0.000201 seconds.
  path: Assets/AmplifyShaderEditor/Plugins/Editor/Nodes/Constants/ShaderVariables/CameraAndScreen/WorldSpaceCameraPos.cs
  artifactKey: Guid(972d92a6008896f4292a61726e18f667) Importer(2089858483,192608db42251d675da83286b1cce702)
Start importing Assets/AmplifyShaderEditor/Plugins/Editor/Nodes/Constants/ShaderVariables/CameraAndScreen/WorldSpaceCameraPos.cs using Guid(972d92a6008896f4292a61726e18f667) Importer(2089858483,192608db42251d675da83286b1cce702) (ScriptedImporter) -> (artifact id: '851fae2f67761099ad813dcf6c49a6af') in 0.0048844 seconds
Number of updated asset objects reloaded before import = 0Number of asset objects unloaded after import = 0

========================================================================
Received Import Request.
  Time since last request: 0.000143 seconds.
  path: Assets/AmplifyShaderEditor/Plugins/Editor/Nodes/Constants/ShaderVariables/Transform/ViewProjectionMatrixNode.cs
  artifactKey: Guid(fe26c99932382e047aebc05b7e67a3d0) Importer(2089858483,192608db42251d675da83286b1cce702)
Start importing Assets/AmplifyShaderEditor/Plugins/Editor/Nodes/Constants/ShaderVariables/Transform/ViewProjectionMatrixNode.cs using Guid(fe26c99932382e047aebc05b7e67a3d0) Importer(2089858483,192608db42251d675da83286b1cce702) (ScriptedImporter) -> (artifact id: 'a65fd0667e632123859c1bca31481459') in 0.0050384 seconds
Number of updated asset objects reloaded before import = 0Number of asset objects unloaded after import = 0

========================================================================
Received Import Request.
  Time since last request: 0.000165 seconds.
  path: Assets/AmplifyShaderEditor/Plugins/EditorResources/UI/Nodes/CommentaryResizeIconInv.png
  artifactKey: Guid(b52bc320a2ff91446978a893ec738134) Importer(2089858483,192608db42251d675da83286b1cce702)
Start importing Assets/AmplifyShaderEditor/Plugins/EditorResources/UI/Nodes/CommentaryResizeIconInv.png using Guid(b52bc320a2ff91446978a893ec738134) Importer(2089858483,192608db42251d675da83286b1cce702) (ScriptedImporter) -> (artifact id: '7bd84208be6dd4063b0cf48a290709a3') in 0.0109909 seconds
Number of updated asset objects reloaded before import = 0Number of asset objects unloaded after import = 1

========================================================================
Received Import Request.
  Time since last request: 0.000188 seconds.
  path: Assets/AmplifyShaderEditor/Plugins/EditorResources/UI/Canvas/ShaderFunctionModeIcon.png
  artifactKey: Guid(68897d376b60748438e0ae3474ebe558) Importer(2089858483,192608db42251d675da83286b1cce702)
Start importing Assets/AmplifyShaderEditor/Plugins/EditorResources/UI/Canvas/ShaderFunctionModeIcon.png using Guid(68897d376b60748438e0ae3474ebe558) Importer(2089858483,192608db42251d675da83286b1cce702) (ScriptedImporter) -> (artifact id: 'cf052848c524321854ee9e48f96d37cd') in 0.0111868 seconds
Number of updated asset objects reloaded before import = 0Number of asset objects unloaded after import = 1

========================================================================
Received Import Request.
  Time since last request: 0.000083 seconds.
  path: Assets/AmplifyShaderEditor/Plugins/EditorResources/UI/Nodes/BlueNormalBaseLeft.png
  artifactKey: Guid(330fd0c8f074a3c4f8042114a61a73d9) Importer(2089858483,192608db42251d675da83286b1cce702)
Start importing Assets/AmplifyShaderEditor/Plugins/EditorResources/UI/Nodes/BlueNormalBaseLeft.png using Guid(330fd0c8f074a3c4f8042114a61a73d9) Importer(2089858483,192608db42251d675da83286b1cce702) (ScriptedImporter) -> (artifact id: '2da6eaba60220278249e7222df9d33ab') in 0.0124488 seconds
Number of updated asset objects reloaded before import = 0Number of asset objects unloaded after import = 1

========================================================================
Received Import Request.
  Time since last request: 0.000063 seconds.
  path: Assets/AmplifyShaderEditor/Plugins/Editor/Nodes/Constants/ShaderVariables/Transform/MMatrixNode.cs
  artifactKey: Guid(503a386043991354eaca2410683d836a) Importer(2089858483,192608db42251d675da83286b1cce702)
Start importing Assets/AmplifyShaderEditor/Plugins/Editor/Nodes/Constants/ShaderVariables/Transform/MMatrixNode.cs using Guid(503a386043991354eaca2410683d836a) Importer(2089858483,192608db42251d675da83286b1cce702) (ScriptedImporter) -> (artifact id: '5cb86c4823daf937811a260c5bf8c226') in 0.0047686 seconds
Number of updated asset objects reloaded before import = 0Number of asset objects unloaded after import = 0

========================================================================
Received Import Request.
  Time since last request: 0.000110 seconds.
  path: Assets/AmplifyShaderEditor/Plugins/EditorResources/UI/Nodes/NodeSelected.png
  artifactKey: Guid(24fb767323009c143a4e744a2025a27e) Importer(2089858483,192608db42251d675da83286b1cce702)
Start importing Assets/AmplifyShaderEditor/Plugins/EditorResources/UI/Nodes/NodeSelected.png using Guid(24fb767323009c143a4e744a2025a27e) Importer(2089858483,192608db42251d675da83286b1cce702) (ScriptedImporter) -> (artifact id: '93ce64db7b086448f76febde4b69b00c') in 0.0095706 seconds
Number of updated asset objects reloaded before import = 0Number of asset objects unloaded after import = 1

========================================================================
Received Import Request.
  Time since last request: 0.000049 seconds.
  path: Assets/AmplifyShaderEditor/Plugins/Editor/Nodes/Constants/ShaderVariables/CameraAndScreen/CameraProjectionNode.cs
  artifactKey: Guid(f776bdd36b750304c8e0de8ee1f31fc0) Importer(2089858483,192608db42251d675da83286b1cce702)
Start importing Assets/AmplifyShaderEditor/Plugins/Editor/Nodes/Constants/ShaderVariables/CameraAndScreen/CameraProjectionNode.cs using Guid(f776bdd36b750304c8e0de8ee1f31fc0) Importer(2089858483,192608db42251d675da83286b1cce702) (ScriptedImporter) -> (artifact id: '06dae6bba5995297c34cee93026108fa') in 0.0047101 seconds
Number of updated asset objects reloaded before import = 0Number of asset objects unloaded after import = 0

========================================================================
Received Import Request.
  Time since last request: 0.000075 seconds.
  path: Assets/AmplifyShaderEditor/Plugins/EditorResources/UI/Canvas/ShaderFunction.png
  artifactKey: Guid(94cd628d3d8e07d40a85d82b3fdad15d) Importer(2089858483,192608db42251d675da83286b1cce702)
Start importing Assets/AmplifyShaderEditor/Plugins/EditorResources/UI/Canvas/ShaderFunction.png using Guid(94cd628d3d8e07d40a85d82b3fdad15d) Importer(2089858483,192608db42251d675da83286b1cce702) (ScriptedImporter) -> (artifact id: 'aa0e8fff000684a975af85b5cdd46b2c') in 0.0106554 seconds
Number of updated asset objects reloaded before import = 0Number of asset objects unloaded after import = 1

========================================================================
Received Import Request.
  Time since last request: 0.000049 seconds.
  path: Assets/AmplifyShaderEditor/Plugins/Editor/Nodes/Constants/ShaderVariables/Transform/Texture3MatrixNode.cs
  artifactKey: Guid(02a9fb7a3a104974e941f4109567b97f) Importer(2089858483,192608db42251d675da83286b1cce702)
Start importing Assets/AmplifyShaderEditor/Plugins/Editor/Nodes/Constants/ShaderVariables/Transform/Texture3MatrixNode.cs using Guid(02a9fb7a3a104974e941f4109567b97f) Importer(2089858483,192608db42251d675da83286b1cce702) (ScriptedImporter) -> (artifact id: '615c5608f84621f8b73f3c716136ab5d') in 0.0044269 seconds
Number of updated asset objects reloaded before import = 0Number of asset objects unloaded after import = 0

========================================================================
Received Import Request.
  Time since last request: 0.000101 seconds.
  path: Assets/AmplifyShaderEditor/Plugins/Editor/Nodes/Misc/Transformation/ObjectToWorldTransfNode.cs
  artifactKey: Guid(545417ad304cea84b9f625a3b6ad4e56) Importer(2089858483,192608db42251d675da83286b1cce702)
Start importing Assets/AmplifyShaderEditor/Plugins/Editor/Nodes/Misc/Transformation/ObjectToWorldTransfNode.cs using Guid(545417ad304cea84b9f625a3b6ad4e56) Importer(2089858483,192608db42251d675da83286b1cce702) (ScriptedImporter) -> (artifact id: '3ab4a8a1907991a62688e0a6fcaabaff') in 0.0039538 seconds
Number of updated asset objects reloaded before import = 0Number of asset objects unloaded after import = 0

========================================================================
Received Import Request.
  Time since last request: 0.000140 seconds.
  path: Assets/AmplifyShaderEditor/Plugins/EditorResources/UI/Nodes/WhitePortSolid.png
  artifactKey: Guid(8113366f9f7cec647878e3af2fb98922) Importer(2089858483,192608db42251d675da83286b1cce702)
Start importing Assets/AmplifyShaderEditor/Plugins/EditorResources/UI/Nodes/WhitePortSolid.png using Guid(8113366f9f7cec647878e3af2fb98922) Importer(2089858483,192608db42251d675da83286b1cce702) (ScriptedImporter) -> (artifact id: '6cc903ff5b1462199d8b87a9905c50c2') in 0.0098223 seconds
Number of updated asset objects reloaded before import = 0Number of asset objects unloaded after import = 1

========================================================================
Received Import Request.
  Time since last request: 0.000173 seconds.
  path: Assets/AmplifyShaderEditor/Plugins/Editor/Nodes/Operators/CosOpNode.cs
  artifactKey: Guid(ee9c446e7e41d524f8b4c93e6a8886c5) Importer(2089858483,192608db42251d675da83286b1cce702)
Start importing Assets/AmplifyShaderEditor/Plugins/Editor/Nodes/Operators/CosOpNode.cs using Guid(ee9c446e7e41d524f8b4c93e6a8886c5) Importer(2089858483,192608db42251d675da83286b1cce702) (ScriptedImporter) -> (artifact id: '5abec43c4e9676fe2a2f03b61596368f') in 0.0049704 seconds
Number of updated asset objects reloaded before import = 0Number of asset objects unloaded after import = 0

========================================================================
Received Import Request.
  Time since last request: 0.000080 seconds.
  path: Assets/AmplifyShaderEditor/Plugins/Editor/Nodes/Misc/LinearDepthNode.cs
  artifactKey: Guid(8b8af65130c9ed64f95976ec67ac1adf) Importer(2089858483,192608db42251d675da83286b1cce702)
Start importing Assets/AmplifyShaderEditor/Plugins/Editor/Nodes/Misc/LinearDepthNode.cs using Guid(8b8af65130c9ed64f95976ec67ac1adf) Importer(2089858483,192608db42251d675da83286b1cce702) (ScriptedImporter) -> (artifact id: 'ba631d9b24b4669b2fde68e6ef916db2') in 0.0040554 seconds
Number of updated asset objects reloaded before import = 0Number of asset objects unloaded after import = 0

========================================================================
Received Import Request.
  Time since last request: 0.000109 seconds.
  path: Assets/AmplifyShaderEditor/Plugins/Editor/Nodes/Textures/BlendNormalsNode.cs
  artifactKey: Guid(eceb6029efe39524d83b45c10a979943) Importer(2089858483,192608db42251d675da83286b1cce702)
Start importing Assets/AmplifyShaderEditor/Plugins/Editor/Nodes/Textures/BlendNormalsNode.cs using Guid(eceb6029efe39524d83b45c10a979943) Importer(2089858483,192608db42251d675da83286b1cce702) (ScriptedImporter) -> (artifact id: '436b8451475433c36f1fee2b04efd655') in 0.0051644 seconds
Number of updated asset objects reloaded before import = 0Number of asset objects unloaded after import = 0

========================================================================
Received Import Request.
  Time since last request: 0.000141 seconds.
  path: Assets/AmplifyShaderEditor/Plugins/EditorResources/UI/Canvas/MainCanvasTitleBg.png
  artifactKey: Guid(bdb42c87b8801e94e886c5c0d60b3014) Importer(2089858483,192608db42251d675da83286b1cce702)
Start importing Assets/AmplifyShaderEditor/Plugins/EditorResources/UI/Canvas/MainCanvasTitleBg.png using Guid(bdb42c87b8801e94e886c5c0d60b3014) Importer(2089858483,192608db42251d675da83286b1cce702) (ScriptedImporter) -> (artifact id: '9430a30632984b2d1762514ac1bd72d5') in 0.0108642 seconds
Number of updated asset objects reloaded before import = 0Number of asset objects unloaded after import = 1

========================================================================
Received Import Request.
  Time since last request: 0.000153 seconds.
  path: Assets/AmplifyShaderEditor/Plugins/EditorResources/Templates/SRP (Legacy)/README.txt
  artifactKey: Guid(2700348f89ce70c45a61d215e6999fee) Importer(2089858483,192608db42251d675da83286b1cce702)
Start importing Assets/AmplifyShaderEditor/Plugins/EditorResources/Templates/SRP (Legacy)/README.txt using Guid(2700348f89ce70c45a61d215e6999fee) Importer(2089858483,192608db42251d675da83286b1cce702) (ScriptedImporter) -> (artifact id: 'c15fa38f84acf05ff92a55068e093dd7') in 0.0052333 seconds
Number of updated asset objects reloaded before import = 0Number of asset objects unloaded after import = 1

========================================================================
Received Import Request.
  Time since last request: 0.000094 seconds.
  path: Assets/AmplifyShaderEditor/Plugins/Editor/Nodes/Operators/RefractOpVec.cs
  artifactKey: Guid(c5bb608b83cdc894cab572c72baa5f84) Importer(2089858483,192608db42251d675da83286b1cce702)
Start importing Assets/AmplifyShaderEditor/Plugins/Editor/Nodes/Operators/RefractOpVec.cs using Guid(c5bb608b83cdc894cab572c72baa5f84) Importer(2089858483,192608db42251d675da83286b1cce702) (ScriptedImporter) -> (artifact id: 'ce2b364b2c73009219f6c67636096686') in 0.0048882 seconds
Number of updated asset objects reloaded before import = 0Number of asset objects unloaded after import = 0

========================================================================
Received Import Request.
  Time since last request: 0.000164 seconds.
  path: Assets/AmplifyShaderEditor/Plugins/Editor/Nodes/Constants/ShaderVariables/Transform/UnityScaleMatrix.cs
  artifactKey: Guid(28a04286716e19f4aa58954888374428) Importer(2089858483,192608db42251d675da83286b1cce702)
Start importing Assets/AmplifyShaderEditor/Plugins/Editor/Nodes/Constants/ShaderVariables/Transform/UnityScaleMatrix.cs using Guid(28a04286716e19f4aa58954888374428) Importer(2089858483,192608db42251d675da83286b1cce702) (ScriptedImporter) -> (artifact id: '4195b57e5ee96ea81c6a3edec2976d4a') in 0.0053808 seconds
Number of updated asset objects reloaded before import = 0Number of asset objects unloaded after import = 0

========================================================================
Received Import Request.
  Time since last request: 0.000068 seconds.
  path: Assets/AmplifyShaderEditor/Plugins/EditorResources/UI/Buttons/Help2.png
  artifactKey: Guid(77af20044e9766840a6be568806dc22e) Importer(2089858483,192608db42251d675da83286b1cce702)
Start importing Assets/AmplifyShaderEditor/Plugins/EditorResources/UI/Buttons/Help2.png using Guid(77af20044e9766840a6be568806dc22e) Importer(2089858483,192608db42251d675da83286b1cce702) (ScriptedImporter) -> (artifact id: 'c89e1c6de616b5311240d0f51718b011') in 0.0096658 seconds
Number of updated asset objects reloaded before import = 0Number of asset objects unloaded after import = 1

========================================================================
Received Import Request.
  Time since last request: 0.000100 seconds.
  path: Assets/AmplifyShaderEditor/Plugins/EditorResources/UI/Buttons/FocusNode.png
  artifactKey: Guid(da673e6179c67d346abb220a6935e359) Importer(2089858483,192608db42251d675da83286b1cce702)
Start importing Assets/AmplifyShaderEditor/Plugins/EditorResources/UI/Buttons/FocusNode.png using Guid(da673e6179c67d346abb220a6935e359) Importer(2089858483,192608db42251d675da83286b1cce702) (ScriptedImporter) -> (artifact id: '52a23b9f8559413c760c4fdf7746ab11') in 0.0132503 seconds
Number of updated asset objects reloaded before import = 0Number of asset objects unloaded after import = 1

========================================================================
Received Import Request.
  Time since last request: 0.000074 seconds.
  path: Assets/AmplifyShaderEditor/Plugins/Editor/Nodes/Constants/ShaderVariables/Lighting/IndirectSpecularLight.cs
  artifactKey: Guid(0820850e74009954188ff84e2f5cc4f2) Importer(2089858483,192608db42251d675da83286b1cce702)
Start importing Assets/AmplifyShaderEditor/Plugins/Editor/Nodes/Constants/ShaderVariables/Lighting/IndirectSpecularLight.cs using Guid(0820850e74009954188ff84e2f5cc4f2) Importer(2089858483,192608db42251d675da83286b1cce702) (ScriptedImporter) -> (artifact id: '4bdf582433f879a001fb16f83c1a5326') in 0.0047295 seconds
Number of updated asset objects reloaded before import = 0Number of asset objects unloaded after import = 0

========================================================================
Received Import Request.
  Time since last request: 0.000117 seconds.
  path: Assets/AmplifyShaderEditor/Plugins/Editor/Nodes/Operators/ATanOpNode.cs
  artifactKey: Guid(d84f7e90e793aaa4891b4c1fe400dc4c) Importer(2089858483,192608db42251d675da83286b1cce702)
Start importing Assets/AmplifyShaderEditor/Plugins/Editor/Nodes/Operators/ATanOpNode.cs using Guid(d84f7e90e793aaa4891b4c1fe400dc4c) Importer(2089858483,192608db42251d675da83286b1cce702) (ScriptedImporter) -> (artifact id: '41604cbbdecc67ae4c251d62ca46ec18') in 0.0050186 seconds
Number of updated asset objects reloaded before import = 0Number of asset objects unloaded after import = 0

========================================================================
Received Import Request.
  Time since last request: 0.000122 seconds.
  path: Assets/AmplifyShaderEditor/Plugins/Editor/Nodes/Operators/TruncOpNode.cs
  artifactKey: Guid(5f78e9a796a94d54482caa15d4971feb) Importer(2089858483,192608db42251d675da83286b1cce702)
Start importing Assets/AmplifyShaderEditor/Plugins/Editor/Nodes/Operators/TruncOpNode.cs using Guid(5f78e9a796a94d54482caa15d4971feb) Importer(2089858483,192608db42251d675da83286b1cce702) (ScriptedImporter) -> (artifact id: '7bf1e7dcf2f540e546b1965b451f6bb6') in 0.0056329 seconds
Number of updated asset objects reloaded before import = 0Number of asset objects unloaded after import = 0

========================================================================
Received Import Request.
  Time since last request: 0.000257 seconds.
  path: Assets/AmplifyShaderEditor/Plugins/Editor/Nodes/Constants/ShaderVariables/Transform/MVPMatrixNode.cs
  artifactKey: Guid(74e00fb3d8e161f498c078795184bae4) Importer(2089858483,192608db42251d675da83286b1cce702)
Start importing Assets/AmplifyShaderEditor/Plugins/Editor/Nodes/Constants/ShaderVariables/Transform/MVPMatrixNode.cs using Guid(74e00fb3d8e161f498c078795184bae4) Importer(2089858483,192608db42251d675da83286b1cce702) (ScriptedImporter) -> (artifact id: 'dd2e53a0e42fd03989bee9308598d2b5') in 0.006073 seconds
Number of updated asset objects reloaded before import = 0Number of asset objects unloaded after import = 0

========================================================================
Received Import Request.
  Time since last request: 0.000110 seconds.
  path: Assets/AmplifyShaderEditor/Plugins/Editor/Nodes/Misc/WireNode.cs
  artifactKey: Guid(7a566d6bf220cd74b8385a91f690b683) Importer(2089858483,192608db42251d675da83286b1cce702)
Start importing Assets/AmplifyShaderEditor/Plugins/Editor/Nodes/Misc/WireNode.cs using Guid(7a566d6bf220cd74b8385a91f690b683) Importer(2089858483,192608db42251d675da83286b1cce702) (ScriptedImporter) -> (artifact id: '050f7f626be479547f39ff3c5ffa38fa') in 0.0065308 seconds
Number of updated asset objects reloaded before import = 0Number of asset objects unloaded after import = 0

========================================================================
Received Import Request.
  Time since last request: 0.000220 seconds.
  path: Assets/AmplifyShaderEditor/Plugins/EditorResources/UI/Buttons/ItemCleanupOFF.png
  artifactKey: Guid(8b6b4ff52c49a2a43a602895465e107c) Importer(2089858483,192608db42251d675da83286b1cce702)
Start importing Assets/AmplifyShaderEditor/Plugins/EditorResources/UI/Buttons/ItemCleanupOFF.png using Guid(8b6b4ff52c49a2a43a602895465e107c) Importer(2089858483,192608db42251d675da83286b1cce702) (ScriptedImporter) -> (artifact id: '378f0d58c6241cbdeea74f89201f4166') in 0.0123202 seconds
Number of updated asset objects reloaded before import = 0Number of asset objects unloaded after import = 1

========================================================================
Received Import Request.
  Time since last request: 0.000146 seconds.
  path: Assets/AmplifyShaderEditor/Plugins/Editor/Nodes/SimpleNodes/SimpleMinOpNode.cs
  artifactKey: Guid(1b19c8479d7a7a9458a6f556bf6545d5) Importer(2089858483,192608db42251d675da83286b1cce702)
Start importing Assets/AmplifyShaderEditor/Plugins/Editor/Nodes/SimpleNodes/SimpleMinOpNode.cs using Guid(1b19c8479d7a7a9458a6f556bf6545d5) Importer(2089858483,192608db42251d675da83286b1cce702) (ScriptedImporter) -> (artifact id: '49370aa275a555b96358daae56bbd721') in 0.0048953 seconds
Number of updated asset objects reloaded before import = 0Number of asset objects unloaded after import = 0

========================================================================
Received Import Request.
  Time since last request: 0.000099 seconds.
  path: Assets/AmplifyShaderEditor/Plugins/EditorResources/UI/Nodes/GraphPopup.png
  artifactKey: Guid(2ae607812d722ec46b48647c2a800779) Importer(2089858483,192608db42251d675da83286b1cce702)
Start importing Assets/AmplifyShaderEditor/Plugins/EditorResources/UI/Nodes/GraphPopup.png using Guid(2ae607812d722ec46b48647c2a800779) Importer(2089858483,192608db42251d675da83286b1cce702) (ScriptedImporter) -> (artifact id: 'f5b17ae642ceec4eec63cdf3cfe43125') in 0.0121176 seconds
Number of updated asset objects reloaded before import = 0Number of asset objects unloaded after import = 1

Editor requested this worker to shutdown with reason: Scaling down because of idle timeout
AssetImportWorker is now disconnected from the server
Process exiting
Exiting without the bug reporter. Application will terminate with return code 0